[2019-11-27 16:30:40] local.ERROR: Argument 1 passed to App\Transformers\Users\PublicUserTransformer::transform() must be an instance of App\User, boolean given, called in /home/desancheztorres/public_html/snippets/server/vendor/league/fractal/src/Scope.php on line 407 {"userId":1,"exception":"[object] (Symfony\\Component\\Debug\\Exception\\FatalThrowableError(code: 0): Argument 1 passed to App\\Transformers\\Users\\PublicUserTransformer::transform() must be an instance of App\\User, boolean given, called in /home/desancheztorres/public_html/snippets/server/vendor/league/fractal/src/Scope.php on line 407 at /home/desancheztorres/public_html/snippets/server/app/Transformers/Users/PublicUserTransformer.php:15)
[stacktrace]
#0 /home/desancheztorres/public_html/snippets/server/vendor/league/fractal/src/Scope.php(407): App\\Transformers\\Users\\PublicUserTransformer->transform(true)
#1 /home/desancheztorres/public_html/snippets/server/vendor/league/fractal/src/Scope.php(349): League\\Fractal\\Scope->fireTransformer(Object(App\\Transformers\\Users\\PublicUserTransformer), true)
#2 /home/desancheztorres/public_html/snippets/server/vendor/league/fractal/src/Scope.php(235): League\\Fractal\\Scope->executeResourceTransformers()
#3 /home/desancheztorres/public_html/snippets/server/vendor/league/fractal/src/TransformerAbstract.php(162): League\\Fractal\\Scope->toArray()
#4 /home/desancheztorres/public_html/snippets/server/vendor/league/fractal/src/TransformerAbstract.php(131): League\\Fractal\\TransformerAbstract->includeResourceIfAvailable(Object(League\\Fractal\\Scope), Object(App\\Snippet), Array, 'user')
#5 /home/desancheztorres/public_html/snippets/server/vendor/league/fractal/src/Scope.php(435): League\\Fractal\\TransformerAbstract->processIncludedResources(Object(League\\Fractal\\Scope), Object(App\\Snippet))
#6 /home/desancheztorres/public_html/snippets/server/vendor/league/fractal/src/Scope.php(411): League\\Fractal\\Scope->fireIncludedTransformers(Object(App\\Transformers\\Snippets\\SnippetTransformer), Object(App\\Snippet))
#7 /home/desancheztorres/public_html/snippets/server/vendor/league/fractal/src/Scope.php(346): League\\Fractal\\Scope->fireTransformer(Object(App\\Transformers\\Snippets\\SnippetTransformer), Object(App\\Snippet))
#8 /home/desancheztorres/public_html/snippets/server/vendor/league/fractal/src/Scope.php(235): League\\Fractal\\Scope->executeResourceTransformers()
#9 /home/desancheztorres/public_html/snippets/server/vendor/spatie/fractalistic/src/Fractal.php(369): League\\Fractal\\Scope->toArray()
#10 /home/desancheztorres/public_html/snippets/server/app/Http/Controllers/Snippets/SnippetController.php(24): Spatie\\Fractalistic\\Fractal->toArray()
#11 [internal function]: App\\Http\\Controllers\\Snippets\\SnippetController->show(Object(App\\Snippet))
#12 /home/desancheztorres/public_html/snippets/server/vendor/laravel/framework/src/Illuminate/Routing/Controller.php(54): call_user_func_array(Array, Array)
#13 /home/desancheztorres/public_html/snippets/server/vendor/laravel/framework/src/Illuminate/Routing/ControllerDispatcher.php(45): Illuminate\\Routing\\Controller->callAction('show', Array)
#14 /home/desancheztorres/public_html/snippets/server/vendor/laravel/framework/src/Illuminate/Routing/Route.php(219): Illuminate\\Routing\\ControllerDispatcher->dispatch(Object(Illuminate\\Routing\\Route), Object(App\\Http\\Controllers\\Snippets\\SnippetController), 'show')
#15 /home/desancheztorres/public_html/snippets/server/vendor/laravel/framework/src/Illuminate/Routing/Route.php(176): Illuminate\\Routing\\Route->runController()
#16 /home/desancheztorres/public_html/snippets/server/vendor/laravel/framework/src/Illuminate/Routing/Router.php(680): Illuminate\\Routing\\Route->run()
#17 /home/desancheztorres/public_html/snippets/server/vendor/laravel/framework/src/Illuminate/Pipeline/Pipeline.php(130): Illuminate\\Routing\\Router->Illuminate\\Routing\\{closure}(Object(Illuminate\\Http\\Request))
#18 /home/desancheztorres/public_html/snippets/server/vendor/laravel/framework/src/Illuminate/Routing/Middleware/SubstituteBindings.php(41): Illuminate\\Pipeline\\Pipeline->Illuminate\\Pipeline\\{closure}(Object(Illuminate\\Http\\Request))
#19 /home/desancheztorres/public_html/snippets/server/vendor/laravel/framework/src/Illuminate/Pipeline/Pipeline.php(171): Illuminate\\Routing\\Middleware\\SubstituteBindings->handle(Object(Illuminate\\Http\\Request), Object(Closure))
#20 /home/desancheztorres/public_html/snippets/server/vendor/laravel/framework/src/Illuminate/Routing/Middleware/ThrottleRequests.php(59): Illuminate\\Pipeline\\Pipeline->Illuminate\\Pipeline\\{closure}(Object(Illuminate\\Http\\Request))
#21 /home/desancheztorres/public_html/snippets/server/vendor/laravel/framework/src/Illuminate/Pipeline/Pipeline.php(171): Illuminate\\Routing\\Middleware\\ThrottleRequests->handle(Object(Illuminate\\Http\\Request), Object(Closure), 60, '1')
#22 /home/desancheztorres/public_html/snippets/server/vendor/laravel/framework/src/Illuminate/Pipeline/Pipeline.php(105): Illuminate\\Pipeline\\Pipeline->Illuminate\\Pipeline\\{closure}(Object(Illuminate\\Http\\Request))
#23 /home/desancheztorres/public_html/snippets/server/vendor/laravel/framework/src/Illuminate/Routing/Router.php(682): Illuminate\\Pipeline\\Pipeline->then(Object(Closure))
#24 /home/desancheztorres/public_html/snippets/server/vendor/laravel/framework/src/Illuminate/Routing/Router.php(657): Illuminate\\Routing\\Router->runRouteWithinStack(Object(Illuminate\\Routing\\Route), Object(Illuminate\\Http\\Request))
#25 /home/desancheztorres/public_html/snippets/server/vendor/laravel/framework/src/Illuminate/Routing/Router.php(623): Illuminate\\Routing\\Router->runRoute(Object(Illuminate\\Http\\Request), Object(Illuminate\\Routing\\Route))
#26 /home/desancheztorres/public_html/snippets/server/vendor/laravel/framework/src/Illuminate/Routing/Router.php(612): Illuminate\\Routing\\Router->dispatchToRoute(Object(Illuminate\\Http\\Request))
#27 /home/desancheztorres/public_html/snippets/server/vendor/laravel/framework/src/Illuminate/Foundation/Http/Kernel.php(176): Illuminate\\Routing\\Router->dispatch(Object(Illuminate\\Http\\Request))
#28 /home/desancheztorres/public_html/snippets/server/vendor/laravel/framework/src/Illuminate/Pipeline/Pipeline.php(130): Illuminate\\Foundation\\Http\\Kernel->Illuminate\\Foundation\\Http\\{closure}(Object(Illuminate\\Http\\Request))
#29 /home/desancheztorres/public_html/snippets/server/vendor/barryvdh/laravel-cors/src/HandleCors.php(36): Illuminate\\Pipeline\\Pipeline->Illuminate\\Pipeline\\{closure}(Object(Illuminate\\Http\\Request))
#30 /home/desancheztorres/public_html/snippets/server/vendor/laravel/framework/src/Illuminate/Pipeline/Pipeline.php(171): Barryvdh\\Cors\\HandleCors->handle(Object(Illuminate\\Http\\Request), Object(Closure))
#31 /home/desancheztorres/public_html/snippets/server/vendor/laravel/framework/src/Illuminate/Foundation/Http/Middleware/TransformsRequest.php(21): Illuminate\\Pipeline\\Pipeline->Illuminate\\Pipeline\\{closure}(Object(Illuminate\\Http\\Request))
#32 /home/desancheztorres/public_html/snippets/server/vendor/laravel/framework/src/Illuminate/Pipeline/Pipeline.php(171): Illuminate\\Foundation\\Http\\Middleware\\TransformsRequest->handle(Object(Illuminate\\Http\\Request), Object(Closure))
#33 /home/desancheztorres/public_html/snippets/server/vendor/laravel/framework/src/Illuminate/Foundation/Http/Middleware/TransformsRequest.php(21): Illuminate\\Pipeline\\Pipeline->Illuminate\\Pipeline\\{closure}(Object(Illuminate\\Http\\Request))
#34 /home/desancheztorres/public_html/snippets/server/vendor/laravel/framework/src/Illuminate/Pipeline/Pipeline.php(171): Illuminate\\Foundation\\Http\\Middleware\\TransformsRequest->handle(Object(Illuminate\\Http\\Request), Object(Closure))
#35 /home/desancheztorres/public_html/snippets/server/vendor/laravel/framework/src/Illuminate/Foundation/Http/Middleware/ValidatePostSize.php(27): Illuminate\\Pipeline\\Pipeline->Illuminate\\Pipeline\\{closure}(Object(Illuminate\\Http\\Request))
#36 /home/desancheztorres/public_html/snippets/server/vendor/laravel/framework/src/Illuminate/Pipeline/Pipeline.php(171): Illuminate\\Foundation\\Http\\Middleware\\ValidatePostSize->handle(Object(Illuminate\\Http\\Request), Object(Closure))
#37 /home/desancheztorres/public_html/snippets/server/vendor/laravel/framework/src/Illuminate/Foundation/Http/Middleware/CheckForMaintenanceMode.php(62): Illuminate\\Pipeline\\Pipeline->Illuminate\\Pipeline\\{closure}(Object(Illuminate\\Http\\Request))
#38 /home/desancheztorres/public_html/snippets/server/vendor/laravel/framework/src/Illuminate/Pipeline/Pipeline.php(171): Illuminate\\Foundation\\Http\\Middleware\\CheckForMaintenanceMode->handle(Object(Illuminate\\Http\\Request), Object(Closure))
#39 /home/desancheztorres/public_html/snippets/server/vendor/fideloper/proxy/src/TrustProxies.php(57): Illuminate\\Pipeline\\Pipeline->Illuminate\\Pipeline\\{closure}(Object(Illuminate\\Http\\Request))
#40 /home/desancheztorres/public_html/snippets/server/vendor/laravel/framework/src/Illuminate/Pipeline/Pipeline.php(171): Fideloper\\Proxy\\TrustProxies->handle(Object(Illuminate\\Http\\Request), Object(Closure))
#41 /home/desancheztorres/public_html/snippets/server/vendor/laravel/framework/src/Illuminate/Pipeline/Pipeline.php(105): Illuminate\\Pipeline\\Pipeline->Illuminate\\Pipeline\\{closure}(Object(Illuminate\\Http\\Request))
#42 /home/desancheztorres/public_html/snippets/server/vendor/laravel/framework/src/Illuminate/Foundation/Http/Kernel.php(151): Illuminate\\Pipeline\\Pipeline->then(Object(Closure))
#43 /home/desancheztorres/public_html/snippets/server/vendor/laravel/framework/src/Illuminate/Foundation/Http/Kernel.php(116): Illuminate\\Foundation\\Http\\Kernel->sendRequestThroughRouter(Object(Illuminate\\Http\\Request))
#44 /home/desancheztorres/public_html/snippets/server/public/index.php(55): Illuminate\\Foundation\\Http\\Kernel->handle(Object(Illuminate\\Http\\Request))
#45 {main}
"} 
