[2019-11-18 21:26:43] local.ERROR: Invalid route action: [App\Http\Controllers\auth\SignInController]. {"exception":"[object] (UnexpectedValueException(code: 0): Invalid route action: [App\\Http\\Controllers\\auth\\SignInController]. at /home/desancheztorres/public_html/snippets/server/vendor/laravel/framework/src/Illuminate/Routing/RouteAction.php:89)
[stacktrace]
#0 /home/desancheztorres/public_html/snippets/server/vendor/laravel/framework/src/Illuminate/Routing/RouteAction.php(46): Illuminate\\Routing\\RouteAction::makeInvokable('App\\\\Http\\\\Contro...')
#1 /home/desancheztorres/public_html/snippets/server/vendor/laravel/framework/src/Illuminate/Routing/Route.php(162): Illuminate\\Routing\\RouteAction::parse('api/auth/signin', Array)
#2 /home/desancheztorres/public_html/snippets/server/vendor/laravel/framework/src/Illuminate/Routing/Route.php(141): Illuminate\\Routing\\Route->parseAction(Array)
#3 /home/desancheztorres/public_html/snippets/server/vendor/laravel/framework/src/Illuminate/Routing/Router.php(547): Illuminate\\Routing\\Route->__construct('POST', 'api/auth/signin', Array)
#4 /home/desancheztorres/public_html/snippets/server/vendor/laravel/framework/src/Illuminate/Routing/Router.php(466): Illuminate\\Routing\\Router->newRoute('POST', 'api/auth/signin', Array)
#5 /home/desancheztorres/public_html/snippets/server/vendor/laravel/framework/src/Illuminate/Routing/Router.php(445): Illuminate\\Routing\\Router->createRoute('POST', 'signin', Array)
#6 /home/desancheztorres/public_html/snippets/server/vendor/laravel/framework/src/Illuminate/Routing/Router.php(156): Illuminate\\Routing\\Router->addRoute('POST', 'signin', 'SignInControlle...')
#7 /home/desancheztorres/public_html/snippets/server/vendor/laravel/framework/src/Illuminate/Support/Facades/Facade.php(239): Illuminate\\Routing\\Router->post('signin', 'SignInControlle...')
#8 /home/desancheztorres/public_html/snippets/server/routes/api.php(4): Illuminate\\Support\\Facades\\Facade::__callStatic('post', Array)
#9 /home/desancheztorres/public_html/snippets/server/vendor/laravel/framework/src/Illuminate/Routing/Router.php(413): Illuminate\\Routing\\RouteFileRegistrar->{closure}(Object(Illuminate\\Routing\\Router))
#10 /home/desancheztorres/public_html/snippets/server/vendor/laravel/framework/src/Illuminate/Routing/Router.php(373): Illuminate\\Routing\\Router->loadRoutes(Object(Closure))
#11 /home/desancheztorres/public_html/snippets/server/vendor/laravel/framework/src/Illuminate/Support/Facades/Facade.php(239): Illuminate\\Routing\\Router->group(Array, Object(Closure))
#12 /home/desancheztorres/public_html/snippets/server/routes/api.php(5): Illuminate\\Support\\Facades\\Facade::__callStatic('group', Array)
#13 /home/desancheztorres/public_html/snippets/server/vendor/laravel/framework/src/Illuminate/Routing/RouteFileRegistrar.php(35): require('/home/desanchez...')
#14 /home/desancheztorres/public_html/snippets/server/vendor/laravel/framework/src/Illuminate/Routing/Router.php(415): Illuminate\\Routing\\RouteFileRegistrar->register('/home/desanchez...')
#15 /home/desancheztorres/public_html/snippets/server/vendor/laravel/framework/src/Illuminate/Routing/Router.php(373): Illuminate\\Routing\\Router->loadRoutes('/home/desanchez...')
#16 /home/desancheztorres/public_html/snippets/server/vendor/laravel/framework/src/Illuminate/Routing/RouteRegistrar.php(121): Illuminate\\Routing\\Router->group(Array, '/home/desanchez...')
#17 /home/desancheztorres/public_html/snippets/server/app/Providers/RouteServiceProvider.php(71): Illuminate\\Routing\\RouteRegistrar->group('/home/desanchez...')
#18 /home/desancheztorres/public_html/snippets/server/app/Providers/RouteServiceProvider.php(38): App\\Providers\\RouteServiceProvider->mapApiRoutes()
#19 [internal function]: App\\Providers\\RouteServiceProvider->map()
#20 /home/desancheztorres/public_html/snippets/server/vendor/laravel/framework/src/Illuminate/Container/BoundMethod.php(32): call_user_func_array(Array, Array)
#21 /home/desancheztorres/public_html/snippets/server/vendor/laravel/framework/src/Illuminate/Container/Util.php(34): Illuminate\\Container\\BoundMethod::Illuminate\\Container\\{closure}()
#22 /home/desancheztorres/public_html/snippets/server/vendor/laravel/framework/src/Illuminate/Container/BoundMethod.php(90): Illuminate\\Container\\Util::unwrapIfClosure(Object(Closure))
#23 /home/desancheztorres/public_html/snippets/server/vendor/laravel/framework/src/Illuminate/Container/BoundMethod.php(34): Illuminate\\Container\\BoundMethod::callBoundMethod(Object(Illuminate\\Foundation\\Application), Array, Object(Closure))
#24 /home/desancheztorres/public_html/snippets/server/vendor/laravel/framework/src/Illuminate/Container/Container.php(590): Illuminate\\Container\\BoundMethod::call(Object(Illuminate\\Foundation\\Application), Array, Array, NULL)
#25 /home/desancheztorres/public_html/snippets/server/vendor/laravel/framework/src/Illuminate/Foundation/Support/Providers/RouteServiceProvider.php(87): Illuminate\\Container\\Container->call(Array)
#26 /home/desancheztorres/public_html/snippets/server/vendor/laravel/framework/src/Illuminate/Foundation/Support/Providers/RouteServiceProvider.php(36): Illuminate\\Foundation\\Support\\Providers\\RouteServiceProvider->loadRoutes()
#27 /home/desancheztorres/public_html/snippets/server/app/Providers/RouteServiceProvider.php(28): Illuminate\\Foundation\\Support\\Providers\\RouteServiceProvider->boot()
#28 [internal function]: App\\Providers\\RouteServiceProvider->boot()
#29 /home/desancheztorres/public_html/snippets/server/vendor/laravel/framework/src/Illuminate/Container/BoundMethod.php(32): call_user_func_array(Array, Array)
#30 /home/desancheztorres/public_html/snippets/server/vendor/laravel/framework/src/Illuminate/Container/Util.php(34): Illuminate\\Container\\BoundMethod::Illuminate\\Container\\{closure}()
#31 /home/desancheztorres/public_html/snippets/server/vendor/laravel/framework/src/Illuminate/Container/BoundMethod.php(90): Illuminate\\Container\\Util::unwrapIfClosure(Object(Closure))
#32 /home/desancheztorres/public_html/snippets/server/vendor/laravel/framework/src/Illuminate/Container/BoundMethod.php(34): Illuminate\\Container\\BoundMethod::callBoundMethod(Object(Illuminate\\Foundation\\Application), Array, Object(Closure))
#33 /home/desancheztorres/public_html/snippets/server/vendor/laravel/framework/src/Illuminate/Container/Container.php(590): Illuminate\\Container\\BoundMethod::call(Object(Illuminate\\Foundation\\Application), Array, Array, NULL)
#34 /home/desancheztorres/public_html/snippets/server/vendor/laravel/framework/src/Illuminate/Foundation/Application.php(828): Illuminate\\Container\\Container->call(Array)
#35 /home/desancheztorres/public_html/snippets/server/vendor/laravel/framework/src/Illuminate/Foundation/Application.php(811): Illuminate\\Foundation\\Application->bootProvider(Object(App\\Providers\\RouteServiceProvider))
#36 [internal function]: Illuminate\\Foundation\\Application->Illuminate\\Foundation\\{closure}(Object(App\\Providers\\RouteServiceProvider), 24)
#37 /home/desancheztorres/public_html/snippets/server/vendor/laravel/framework/src/Illuminate/Foundation/Application.php(812): array_walk(Array, Object(Closure))
#38 /home/desancheztorres/public_html/snippets/server/vendor/laravel/framework/src/Illuminate/Foundation/Bootstrap/BootProviders.php(17): Illuminate\\Foundation\\Application->boot()
#39 /home/desancheztorres/public_html/snippets/server/vendor/laravel/framework/src/Illuminate/Foundation/Application.php(211): Illuminate\\Foundation\\Bootstrap\\BootProviders->bootstrap(Object(Illuminate\\Foundation\\Application))
#40 /home/desancheztorres/public_html/snippets/server/vendor/laravel/framework/src/Illuminate/Foundation/Http/Kernel.php(162): Illuminate\\Foundation\\Application->bootstrapWith(Array)
#41 /home/desancheztorres/public_html/snippets/server/vendor/laravel/framework/src/Illuminate/Foundation/Http/Kernel.php(146): Illuminate\\Foundation\\Http\\Kernel->bootstrap()
#42 /home/desancheztorres/public_html/snippets/server/vendor/laravel/framework/src/Illuminate/Foundation/Http/Kernel.php(116): Illuminate\\Foundation\\Http\\Kernel->sendRequestThroughRouter(Object(Illuminate\\Http\\Request))
#43 /home/desancheztorres/public_html/snippets/server/public/index.php(55): Illuminate\\Foundation\\Http\\Kernel->handle(Object(Illuminate\\Http\\Request))
#44 {main}
"} 
[2019-11-18 21:26:44] local.ERROR: Invalid route action: [App\Http\Controllers\auth\SignInController]. {"exception":"[object] (UnexpectedValueException(code: 0): Invalid route action: [App\\Http\\Controllers\\auth\\SignInController]. at /home/desancheztorres/public_html/snippets/server/vendor/laravel/framework/src/Illuminate/Routing/RouteAction.php:89)
[stacktrace]
#0 /home/desancheztorres/public_html/snippets/server/vendor/laravel/framework/src/Illuminate/Routing/RouteAction.php(46): Illuminate\\Routing\\RouteAction::makeInvokable('App\\\\Http\\\\Contro...')
#1 /home/desancheztorres/public_html/snippets/server/vendor/laravel/framework/src/Illuminate/Routing/Route.php(162): Illuminate\\Routing\\RouteAction::parse('api/auth/signin', Array)
#2 /home/desancheztorres/public_html/snippets/server/vendor/laravel/framework/src/Illuminate/Routing/Route.php(141): Illuminate\\Routing\\Route->parseAction(Array)
#3 /home/desancheztorres/public_html/snippets/server/vendor/laravel/framework/src/Illuminate/Routing/Router.php(547): Illuminate\\Routing\\Route->__construct('POST', 'api/auth/signin', Array)
#4 /home/desancheztorres/public_html/snippets/server/vendor/laravel/framework/src/Illuminate/Routing/Router.php(466): Illuminate\\Routing\\Router->newRoute('POST', 'api/auth/signin', Array)
#5 /home/desancheztorres/public_html/snippets/server/vendor/laravel/framework/src/Illuminate/Routing/Router.php(445): Illuminate\\Routing\\Router->createRoute('POST', 'signin', Array)
#6 /home/desancheztorres/public_html/snippets/server/vendor/laravel/framework/src/Illuminate/Routing/Router.php(156): Illuminate\\Routing\\Router->addRoute('POST', 'signin', 'SignInControlle...')
#7 /home/desancheztorres/public_html/snippets/server/vendor/laravel/framework/src/Illuminate/Support/Facades/Facade.php(239): Illuminate\\Routing\\Router->post('signin', 'SignInControlle...')
#8 /home/desancheztorres/public_html/snippets/server/routes/api.php(4): Illuminate\\Support\\Facades\\Facade::__callStatic('post', Array)
#9 /home/desancheztorres/public_html/snippets/server/vendor/laravel/framework/src/Illuminate/Routing/Router.php(413): Illuminate\\Routing\\RouteFileRegistrar->{closure}(Object(Illuminate\\Routing\\Router))
#10 /home/desancheztorres/public_html/snippets/server/vendor/laravel/framework/src/Illuminate/Routing/Router.php(373): Illuminate\\Routing\\Router->loadRoutes(Object(Closure))
#11 /home/desancheztorres/public_html/snippets/server/vendor/laravel/framework/src/Illuminate/Support/Facades/Facade.php(239): Illuminate\\Routing\\Router->group(Array, Object(Closure))
#12 /home/desancheztorres/public_html/snippets/server/routes/api.php(5): Illuminate\\Support\\Facades\\Facade::__callStatic('group', Array)
#13 /home/desancheztorres/public_html/snippets/server/vendor/laravel/framework/src/Illuminate/Routing/RouteFileRegistrar.php(35): require('/home/desanchez...')
#14 /home/desancheztorres/public_html/snippets/server/vendor/laravel/framework/src/Illuminate/Routing/Router.php(415): Illuminate\\Routing\\RouteFileRegistrar->register('/home/desanchez...')
#15 /home/desancheztorres/public_html/snippets/server/vendor/laravel/framework/src/Illuminate/Routing/Router.php(373): Illuminate\\Routing\\Router->loadRoutes('/home/desanchez...')
#16 /home/desancheztorres/public_html/snippets/server/vendor/laravel/framework/src/Illuminate/Routing/RouteRegistrar.php(121): Illuminate\\Routing\\Router->group(Array, '/home/desanchez...')
#17 /home/desancheztorres/public_html/snippets/server/app/Providers/RouteServiceProvider.php(71): Illuminate\\Routing\\RouteRegistrar->group('/home/desanchez...')
#18 /home/desancheztorres/public_html/snippets/server/app/Providers/RouteServiceProvider.php(38): App\\Providers\\RouteServiceProvider->mapApiRoutes()
#19 [internal function]: App\\Providers\\RouteServiceProvider->map()
#20 /home/desancheztorres/public_html/snippets/server/vendor/laravel/framework/src/Illuminate/Container/BoundMethod.php(32): call_user_func_array(Array, Array)
#21 /home/desancheztorres/public_html/snippets/server/vendor/laravel/framework/src/Illuminate/Container/Util.php(34): Illuminate\\Container\\BoundMethod::Illuminate\\Container\\{closure}()
#22 /home/desancheztorres/public_html/snippets/server/vendor/laravel/framework/src/Illuminate/Container/BoundMethod.php(90): Illuminate\\Container\\Util::unwrapIfClosure(Object(Closure))
#23 /home/desancheztorres/public_html/snippets/server/vendor/laravel/framework/src/Illuminate/Container/BoundMethod.php(34): Illuminate\\Container\\BoundMethod::callBoundMethod(Object(Illuminate\\Foundation\\Application), Array, Object(Closure))
#24 /home/desancheztorres/public_html/snippets/server/vendor/laravel/framework/src/Illuminate/Container/Container.php(590): Illuminate\\Container\\BoundMethod::call(Object(Illuminate\\Foundation\\Application), Array, Array, NULL)
#25 /home/desancheztorres/public_html/snippets/server/vendor/laravel/framework/src/Illuminate/Foundation/Support/Providers/RouteServiceProvider.php(87): Illuminate\\Container\\Container->call(Array)
#26 /home/desancheztorres/public_html/snippets/server/vendor/laravel/framework/src/Illuminate/Foundation/Support/Providers/RouteServiceProvider.php(36): Illuminate\\Foundation\\Support\\Providers\\RouteServiceProvider->loadRoutes()
#27 /home/desancheztorres/public_html/snippets/server/app/Providers/RouteServiceProvider.php(28): Illuminate\\Foundation\\Support\\Providers\\RouteServiceProvider->boot()
#28 [internal function]: App\\Providers\\RouteServiceProvider->boot()
#29 /home/desancheztorres/public_html/snippets/server/vendor/laravel/framework/src/Illuminate/Container/BoundMethod.php(32): call_user_func_array(Array, Array)
#30 /home/desancheztorres/public_html/snippets/server/vendor/laravel/framework/src/Illuminate/Container/Util.php(34): Illuminate\\Container\\BoundMethod::Illuminate\\Container\\{closure}()
#31 /home/desancheztorres/public_html/snippets/server/vendor/laravel/framework/src/Illuminate/Container/BoundMethod.php(90): Illuminate\\Container\\Util::unwrapIfClosure(Object(Closure))
#32 /home/desancheztorres/public_html/snippets/server/vendor/laravel/framework/src/Illuminate/Container/BoundMethod.php(34): Illuminate\\Container\\BoundMethod::callBoundMethod(Object(Illuminate\\Foundation\\Application), Array, Object(Closure))
#33 /home/desancheztorres/public_html/snippets/server/vendor/laravel/framework/src/Illuminate/Container/Container.php(590): Illuminate\\Container\\BoundMethod::call(Object(Illuminate\\Foundation\\Application), Array, Array, NULL)
#34 /home/desancheztorres/public_html/snippets/server/vendor/laravel/framework/src/Illuminate/Foundation/Application.php(828): Illuminate\\Container\\Container->call(Array)
#35 /home/desancheztorres/public_html/snippets/server/vendor/laravel/framework/src/Illuminate/Foundation/Application.php(811): Illuminate\\Foundation\\Application->bootProvider(Object(App\\Providers\\RouteServiceProvider))
#36 [internal function]: Illuminate\\Foundation\\Application->Illuminate\\Foundation\\{closure}(Object(App\\Providers\\RouteServiceProvider), 24)
#37 /home/desancheztorres/public_html/snippets/server/vendor/laravel/framework/src/Illuminate/Foundation/Application.php(812): array_walk(Array, Object(Closure))
#38 /home/desancheztorres/public_html/snippets/server/vendor/laravel/framework/src/Illuminate/Foundation/Bootstrap/BootProviders.php(17): Illuminate\\Foundation\\Application->boot()
#39 /home/desancheztorres/public_html/snippets/server/vendor/laravel/framework/src/Illuminate/Foundation/Application.php(211): Illuminate\\Foundation\\Bootstrap\\BootProviders->bootstrap(Object(Illuminate\\Foundation\\Application))
#40 /home/desancheztorres/public_html/snippets/server/vendor/laravel/framework/src/Illuminate/Foundation/Http/Kernel.php(162): Illuminate\\Foundation\\Application->bootstrapWith(Array)
#41 /home/desancheztorres/public_html/snippets/server/vendor/laravel/framework/src/Illuminate/Foundation/Http/Kernel.php(146): Illuminate\\Foundation\\Http\\Kernel->bootstrap()
#42 /home/desancheztorres/public_html/snippets/server/vendor/laravel/framework/src/Illuminate/Foundation/Http/Kernel.php(116): Illuminate\\Foundation\\Http\\Kernel->sendRequestThroughRouter(Object(Illuminate\\Http\\Request))
#43 /home/desancheztorres/public_html/snippets/server/public/index.php(55): Illuminate\\Foundation\\Http\\Kernel->handle(Object(Illuminate\\Http\\Request))
#44 {main}
"} 
[2019-11-18 21:31:33] local.ERROR: Invalid route action: [App\Http\Controllers\auth\Auth/SignInController]. {"exception":"[object] (UnexpectedValueException(code: 0): Invalid route action: [App\\Http\\Controllers\\auth\\Auth/SignInController]. at /home/desancheztorres/public_html/snippets/server/vendor/laravel/framework/src/Illuminate/Routing/RouteAction.php:89)
[stacktrace]
#0 /home/desancheztorres/public_html/snippets/server/vendor/laravel/framework/src/Illuminate/Routing/RouteAction.php(46): Illuminate\\Routing\\RouteAction::makeInvokable('App\\\\Http\\\\Contro...')
#1 /home/desancheztorres/public_html/snippets/server/vendor/laravel/framework/src/Illuminate/Routing/Route.php(162): Illuminate\\Routing\\RouteAction::parse('api/auth/signin', Array)
#2 /home/desancheztorres/public_html/snippets/server/vendor/laravel/framework/src/Illuminate/Routing/Route.php(141): Illuminate\\Routing\\Route->parseAction(Array)
#3 /home/desancheztorres/public_html/snippets/server/vendor/laravel/framework/src/Illuminate/Routing/Router.php(547): Illuminate\\Routing\\Route->__construct('POST', 'api/auth/signin', Array)
#4 /home/desancheztorres/public_html/snippets/server/vendor/laravel/framework/src/Illuminate/Routing/Router.php(466): Illuminate\\Routing\\Router->newRoute('POST', 'api/auth/signin', Array)
#5 /home/desancheztorres/public_html/snippets/server/vendor/laravel/framework/src/Illuminate/Routing/Router.php(445): Illuminate\\Routing\\Router->createRoute('POST', 'signin', Array)
#6 /home/desancheztorres/public_html/snippets/server/vendor/laravel/framework/src/Illuminate/Routing/Router.php(156): Illuminate\\Routing\\Router->addRoute('POST', 'signin', 'Auth/SignInCont...')
#7 /home/desancheztorres/public_html/snippets/server/vendor/laravel/framework/src/Illuminate/Support/Facades/Facade.php(239): Illuminate\\Routing\\Router->post('signin', 'Auth/SignInCont...')
#8 /home/desancheztorres/public_html/snippets/server/routes/api.php(4): Illuminate\\Support\\Facades\\Facade::__callStatic('post', Array)
#9 /home/desancheztorres/public_html/snippets/server/vendor/laravel/framework/src/Illuminate/Routing/Router.php(413): Illuminate\\Routing\\RouteFileRegistrar->{closure}(Object(Illuminate\\Routing\\Router))
#10 /home/desancheztorres/public_html/snippets/server/vendor/laravel/framework/src/Illuminate/Routing/Router.php(373): Illuminate\\Routing\\Router->loadRoutes(Object(Closure))
#11 /home/desancheztorres/public_html/snippets/server/vendor/laravel/framework/src/Illuminate/Support/Facades/Facade.php(239): Illuminate\\Routing\\Router->group(Array, Object(Closure))
#12 /home/desancheztorres/public_html/snippets/server/routes/api.php(5): Illuminate\\Support\\Facades\\Facade::__callStatic('group', Array)
#13 /home/desancheztorres/public_html/snippets/server/vendor/laravel/framework/src/Illuminate/Routing/RouteFileRegistrar.php(35): require('/home/desanchez...')
#14 /home/desancheztorres/public_html/snippets/server/vendor/laravel/framework/src/Illuminate/Routing/Router.php(415): Illuminate\\Routing\\RouteFileRegistrar->register('/home/desanchez...')
#15 /home/desancheztorres/public_html/snippets/server/vendor/laravel/framework/src/Illuminate/Routing/Router.php(373): Illuminate\\Routing\\Router->loadRoutes('/home/desanchez...')
#16 /home/desancheztorres/public_html/snippets/server/vendor/laravel/framework/src/Illuminate/Routing/RouteRegistrar.php(121): Illuminate\\Routing\\Router->group(Array, '/home/desanchez...')
#17 /home/desancheztorres/public_html/snippets/server/app/Providers/RouteServiceProvider.php(71): Illuminate\\Routing\\RouteRegistrar->group('/home/desanchez...')
#18 /home/desancheztorres/public_html/snippets/server/app/Providers/RouteServiceProvider.php(38): App\\Providers\\RouteServiceProvider->mapApiRoutes()
#19 [internal function]: App\\Providers\\RouteServiceProvider->map()
#20 /home/desancheztorres/public_html/snippets/server/vendor/laravel/framework/src/Illuminate/Container/BoundMethod.php(32): call_user_func_array(Array, Array)
#21 /home/desancheztorres/public_html/snippets/server/vendor/laravel/framework/src/Illuminate/Container/Util.php(34): Illuminate\\Container\\BoundMethod::Illuminate\\Container\\{closure}()
#22 /home/desancheztorres/public_html/snippets/server/vendor/laravel/framework/src/Illuminate/Container/BoundMethod.php(90): Illuminate\\Container\\Util::unwrapIfClosure(Object(Closure))
#23 /home/desancheztorres/public_html/snippets/server/vendor/laravel/framework/src/Illuminate/Container/BoundMethod.php(34): Illuminate\\Container\\BoundMethod::callBoundMethod(Object(Illuminate\\Foundation\\Application), Array, Object(Closure))
#24 /home/desancheztorres/public_html/snippets/server/vendor/laravel/framework/src/Illuminate/Container/Container.php(590): Illuminate\\Container\\BoundMethod::call(Object(Illuminate\\Foundation\\Application), Array, Array, NULL)
#25 /home/desancheztorres/public_html/snippets/server/vendor/laravel/framework/src/Illuminate/Foundation/Support/Providers/RouteServiceProvider.php(87): Illuminate\\Container\\Container->call(Array)
#26 /home/desancheztorres/public_html/snippets/server/vendor/laravel/framework/src/Illuminate/Foundation/Support/Providers/RouteServiceProvider.php(36): Illuminate\\Foundation\\Support\\Providers\\RouteServiceProvider->loadRoutes()
#27 /home/desancheztorres/public_html/snippets/server/app/Providers/RouteServiceProvider.php(28): Illuminate\\Foundation\\Support\\Providers\\RouteServiceProvider->boot()
#28 [internal function]: App\\Providers\\RouteServiceProvider->boot()
#29 /home/desancheztorres/public_html/snippets/server/vendor/laravel/framework/src/Illuminate/Container/BoundMethod.php(32): call_user_func_array(Array, Array)
#30 /home/desancheztorres/public_html/snippets/server/vendor/laravel/framework/src/Illuminate/Container/Util.php(34): Illuminate\\Container\\BoundMethod::Illuminate\\Container\\{closure}()
#31 /home/desancheztorres/public_html/snippets/server/vendor/laravel/framework/src/Illuminate/Container/BoundMethod.php(90): Illuminate\\Container\\Util::unwrapIfClosure(Object(Closure))
#32 /home/desancheztorres/public_html/snippets/server/vendor/laravel/framework/src/Illuminate/Container/BoundMethod.php(34): Illuminate\\Container\\BoundMethod::callBoundMethod(Object(Illuminate\\Foundation\\Application), Array, Object(Closure))
#33 /home/desancheztorres/public_html/snippets/server/vendor/laravel/framework/src/Illuminate/Container/Container.php(590): Illuminate\\Container\\BoundMethod::call(Object(Illuminate\\Foundation\\Application), Array, Array, NULL)
#34 /home/desancheztorres/public_html/snippets/server/vendor/laravel/framework/src/Illuminate/Foundation/Application.php(828): Illuminate\\Container\\Container->call(Array)
#35 /home/desancheztorres/public_html/snippets/server/vendor/laravel/framework/src/Illuminate/Foundation/Application.php(811): Illuminate\\Foundation\\Application->bootProvider(Object(App\\Providers\\RouteServiceProvider))
#36 [internal function]: Illuminate\\Foundation\\Application->Illuminate\\Foundation\\{closure}(Object(App\\Providers\\RouteServiceProvider), 24)
#37 /home/desancheztorres/public_html/snippets/server/vendor/laravel/framework/src/Illuminate/Foundation/Application.php(812): array_walk(Array, Object(Closure))
#38 /home/desancheztorres/public_html/snippets/server/vendor/laravel/framework/src/Illuminate/Foundation/Bootstrap/BootProviders.php(17): Illuminate\\Foundation\\Application->boot()
#39 /home/desancheztorres/public_html/snippets/server/vendor/laravel/framework/src/Illuminate/Foundation/Application.php(211): Illuminate\\Foundation\\Bootstrap\\BootProviders->bootstrap(Object(Illuminate\\Foundation\\Application))
#40 /home/desancheztorres/public_html/snippets/server/vendor/laravel/framework/src/Illuminate/Foundation/Http/Kernel.php(162): Illuminate\\Foundation\\Application->bootstrapWith(Array)
#41 /home/desancheztorres/public_html/snippets/server/vendor/laravel/framework/src/Illuminate/Foundation/Http/Kernel.php(146): Illuminate\\Foundation\\Http\\Kernel->bootstrap()
#42 /home/desancheztorres/public_html/snippets/server/vendor/laravel/framework/src/Illuminate/Foundation/Http/Kernel.php(116): Illuminate\\Foundation\\Http\\Kernel->sendRequestThroughRouter(Object(Illuminate\\Http\\Request))
#43 /home/desancheztorres/public_html/snippets/server/public/index.php(55): Illuminate\\Foundation\\Http\\Kernel->handle(Object(Illuminate\\Http\\Request))
#44 {main}
"} 
[2019-11-18 21:33:06] local.ERROR: Invalid route action: [App\Http\Controllers\auth\SignInController]. {"exception":"[object] (UnexpectedValueException(code: 0): Invalid route action: [App\\Http\\Controllers\\auth\\SignInController]. at /home/desancheztorres/public_html/snippets/server/vendor/laravel/framework/src/Illuminate/Routing/RouteAction.php:89)
[stacktrace]
#0 /home/desancheztorres/public_html/snippets/server/vendor/laravel/framework/src/Illuminate/Routing/RouteAction.php(46): Illuminate\\Routing\\RouteAction::makeInvokable('App\\\\Http\\\\Contro...')
#1 /home/desancheztorres/public_html/snippets/server/vendor/laravel/framework/src/Illuminate/Routing/Route.php(162): Illuminate\\Routing\\RouteAction::parse('api/auth/signin', Array)
#2 /home/desancheztorres/public_html/snippets/server/vendor/laravel/framework/src/Illuminate/Routing/Route.php(141): Illuminate\\Routing\\Route->parseAction(Array)
#3 /home/desancheztorres/public_html/snippets/server/vendor/laravel/framework/src/Illuminate/Routing/Router.php(547): Illuminate\\Routing\\Route->__construct('POST', 'api/auth/signin', Array)
#4 /home/desancheztorres/public_html/snippets/server/vendor/laravel/framework/src/Illuminate/Routing/Router.php(466): Illuminate\\Routing\\Router->newRoute('POST', 'api/auth/signin', Array)
#5 /home/desancheztorres/public_html/snippets/server/vendor/laravel/framework/src/Illuminate/Routing/Router.php(445): Illuminate\\Routing\\Router->createRoute('POST', 'signin', Array)
#6 /home/desancheztorres/public_html/snippets/server/vendor/laravel/framework/src/Illuminate/Routing/Router.php(156): Illuminate\\Routing\\Router->addRoute('POST', 'signin', 'SignInControlle...')
#7 /home/desancheztorres/public_html/snippets/server/vendor/laravel/framework/src/Illuminate/Support/Facades/Facade.php(239): Illuminate\\Routing\\Router->post('signin', 'SignInControlle...')
#8 /home/desancheztorres/public_html/snippets/server/routes/api.php(4): Illuminate\\Support\\Facades\\Facade::__callStatic('post', Array)
#9 /home/desancheztorres/public_html/snippets/server/vendor/laravel/framework/src/Illuminate/Routing/Router.php(413): Illuminate\\Routing\\RouteFileRegistrar->{closure}(Object(Illuminate\\Routing\\Router))
#10 /home/desancheztorres/public_html/snippets/server/vendor/laravel/framework/src/Illuminate/Routing/Router.php(373): Illuminate\\Routing\\Router->loadRoutes(Object(Closure))
#11 /home/desancheztorres/public_html/snippets/server/vendor/laravel/framework/src/Illuminate/Support/Facades/Facade.php(239): Illuminate\\Routing\\Router->group(Array, Object(Closure))
#12 /home/desancheztorres/public_html/snippets/server/routes/api.php(5): Illuminate\\Support\\Facades\\Facade::__callStatic('group', Array)
#13 /home/desancheztorres/public_html/snippets/server/vendor/laravel/framework/src/Illuminate/Routing/RouteFileRegistrar.php(35): require('/home/desanchez...')
#14 /home/desancheztorres/public_html/snippets/server/vendor/laravel/framework/src/Illuminate/Routing/Router.php(415): Illuminate\\Routing\\RouteFileRegistrar->register('/home/desanchez...')
#15 /home/desancheztorres/public_html/snippets/server/vendor/laravel/framework/src/Illuminate/Routing/Router.php(373): Illuminate\\Routing\\Router->loadRoutes('/home/desanchez...')
#16 /home/desancheztorres/public_html/snippets/server/vendor/laravel/framework/src/Illuminate/Routing/RouteRegistrar.php(121): Illuminate\\Routing\\Router->group(Array, '/home/desanchez...')
#17 /home/desancheztorres/public_html/snippets/server/app/Providers/RouteServiceProvider.php(71): Illuminate\\Routing\\RouteRegistrar->group('/home/desanchez...')
#18 /home/desancheztorres/public_html/snippets/server/app/Providers/RouteServiceProvider.php(38): App\\Providers\\RouteServiceProvider->mapApiRoutes()
#19 [internal function]: App\\Providers\\RouteServiceProvider->map()
#20 /home/desancheztorres/public_html/snippets/server/vendor/laravel/framework/src/Illuminate/Container/BoundMethod.php(32): call_user_func_array(Array, Array)
#21 /home/desancheztorres/public_html/snippets/server/vendor/laravel/framework/src/Illuminate/Container/Util.php(34): Illuminate\\Container\\BoundMethod::Illuminate\\Container\\{closure}()
#22 /home/desancheztorres/public_html/snippets/server/vendor/laravel/framework/src/Illuminate/Container/BoundMethod.php(90): Illuminate\\Container\\Util::unwrapIfClosure(Object(Closure))
#23 /home/desancheztorres/public_html/snippets/server/vendor/laravel/framework/src/Illuminate/Container/BoundMethod.php(34): Illuminate\\Container\\BoundMethod::callBoundMethod(Object(Illuminate\\Foundation\\Application), Array, Object(Closure))
#24 /home/desancheztorres/public_html/snippets/server/vendor/laravel/framework/src/Illuminate/Container/Container.php(590): Illuminate\\Container\\BoundMethod::call(Object(Illuminate\\Foundation\\Application), Array, Array, NULL)
#25 /home/desancheztorres/public_html/snippets/server/vendor/laravel/framework/src/Illuminate/Foundation/Support/Providers/RouteServiceProvider.php(87): Illuminate\\Container\\Container->call(Array)
#26 /home/desancheztorres/public_html/snippets/server/vendor/laravel/framework/src/Illuminate/Foundation/Support/Providers/RouteServiceProvider.php(36): Illuminate\\Foundation\\Support\\Providers\\RouteServiceProvider->loadRoutes()
#27 /home/desancheztorres/public_html/snippets/server/app/Providers/RouteServiceProvider.php(28): Illuminate\\Foundation\\Support\\Providers\\RouteServiceProvider->boot()
#28 [internal function]: App\\Providers\\RouteServiceProvider->boot()
#29 /home/desancheztorres/public_html/snippets/server/vendor/laravel/framework/src/Illuminate/Container/BoundMethod.php(32): call_user_func_array(Array, Array)
#30 /home/desancheztorres/public_html/snippets/server/vendor/laravel/framework/src/Illuminate/Container/Util.php(34): Illuminate\\Container\\BoundMethod::Illuminate\\Container\\{closure}()
#31 /home/desancheztorres/public_html/snippets/server/vendor/laravel/framework/src/Illuminate/Container/BoundMethod.php(90): Illuminate\\Container\\Util::unwrapIfClosure(Object(Closure))
#32 /home/desancheztorres/public_html/snippets/server/vendor/laravel/framework/src/Illuminate/Container/BoundMethod.php(34): Illuminate\\Container\\BoundMethod::callBoundMethod(Object(Illuminate\\Foundation\\Application), Array, Object(Closure))
#33 /home/desancheztorres/public_html/snippets/server/vendor/laravel/framework/src/Illuminate/Container/Container.php(590): Illuminate\\Container\\BoundMethod::call(Object(Illuminate\\Foundation\\Application), Array, Array, NULL)
#34 /home/desancheztorres/public_html/snippets/server/vendor/laravel/framework/src/Illuminate/Foundation/Application.php(828): Illuminate\\Container\\Container->call(Array)
#35 /home/desancheztorres/public_html/snippets/server/vendor/laravel/framework/src/Illuminate/Foundation/Application.php(811): Illuminate\\Foundation\\Application->bootProvider(Object(App\\Providers\\RouteServiceProvider))
#36 [internal function]: Illuminate\\Foundation\\Application->Illuminate\\Foundation\\{closure}(Object(App\\Providers\\RouteServiceProvider), 24)
#37 /home/desancheztorres/public_html/snippets/server/vendor/laravel/framework/src/Illuminate/Foundation/Application.php(812): array_walk(Array, Object(Closure))
#38 /home/desancheztorres/public_html/snippets/server/vendor/laravel/framework/src/Illuminate/Foundation/Bootstrap/BootProviders.php(17): Illuminate\\Foundation\\Application->boot()
#39 /home/desancheztorres/public_html/snippets/server/vendor/laravel/framework/src/Illuminate/Foundation/Application.php(211): Illuminate\\Foundation\\Bootstrap\\BootProviders->bootstrap(Object(Illuminate\\Foundation\\Application))
#40 /home/desancheztorres/public_html/snippets/server/vendor/laravel/framework/src/Illuminate/Foundation/Http/Kernel.php(162): Illuminate\\Foundation\\Application->bootstrapWith(Array)
#41 /home/desancheztorres/public_html/snippets/server/vendor/laravel/framework/src/Illuminate/Foundation/Http/Kernel.php(146): Illuminate\\Foundation\\Http\\Kernel->bootstrap()
#42 /home/desancheztorres/public_html/snippets/server/vendor/laravel/framework/src/Illuminate/Foundation/Http/Kernel.php(116): Illuminate\\Foundation\\Http\\Kernel->sendRequestThroughRouter(Object(Illuminate\\Http\\Request))
#43 /home/desancheztorres/public_html/snippets/server/public/index.php(55): Illuminate\\Foundation\\Http\\Kernel->handle(Object(Illuminate\\Http\\Request))
#44 {main}
"} 
[2019-11-18 21:33:07] local.ERROR: Invalid route action: [App\Http\Controllers\auth\SignInController]. {"exception":"[object] (UnexpectedValueException(code: 0): Invalid route action: [App\\Http\\Controllers\\auth\\SignInController]. at /home/desancheztorres/public_html/snippets/server/vendor/laravel/framework/src/Illuminate/Routing/RouteAction.php:89)
[stacktrace]
#0 /home/desancheztorres/public_html/snippets/server/vendor/laravel/framework/src/Illuminate/Routing/RouteAction.php(46): Illuminate\\Routing\\RouteAction::makeInvokable('App\\\\Http\\\\Contro...')
#1 /home/desancheztorres/public_html/snippets/server/vendor/laravel/framework/src/Illuminate/Routing/Route.php(162): Illuminate\\Routing\\RouteAction::parse('api/auth/signin', Array)
#2 /home/desancheztorres/public_html/snippets/server/vendor/laravel/framework/src/Illuminate/Routing/Route.php(141): Illuminate\\Routing\\Route->parseAction(Array)
#3 /home/desancheztorres/public_html/snippets/server/vendor/laravel/framework/src/Illuminate/Routing/Router.php(547): Illuminate\\Routing\\Route->__construct('POST', 'api/auth/signin', Array)
#4 /home/desancheztorres/public_html/snippets/server/vendor/laravel/framework/src/Illuminate/Routing/Router.php(466): Illuminate\\Routing\\Router->newRoute('POST', 'api/auth/signin', Array)
#5 /home/desancheztorres/public_html/snippets/server/vendor/laravel/framework/src/Illuminate/Routing/Router.php(445): Illuminate\\Routing\\Router->createRoute('POST', 'signin', Array)
#6 /home/desancheztorres/public_html/snippets/server/vendor/laravel/framework/src/Illuminate/Routing/Router.php(156): Illuminate\\Routing\\Router->addRoute('POST', 'signin', 'SignInControlle...')
#7 /home/desancheztorres/public_html/snippets/server/vendor/laravel/framework/src/Illuminate/Support/Facades/Facade.php(239): Illuminate\\Routing\\Router->post('signin', 'SignInControlle...')
#8 /home/desancheztorres/public_html/snippets/server/routes/api.php(4): Illuminate\\Support\\Facades\\Facade::__callStatic('post', Array)
#9 /home/desancheztorres/public_html/snippets/server/vendor/laravel/framework/src/Illuminate/Routing/Router.php(413): Illuminate\\Routing\\RouteFileRegistrar->{closure}(Object(Illuminate\\Routing\\Router))
#10 /home/desancheztorres/public_html/snippets/server/vendor/laravel/framework/src/Illuminate/Routing/Router.php(373): Illuminate\\Routing\\Router->loadRoutes(Object(Closure))
#11 /home/desancheztorres/public_html/snippets/server/vendor/laravel/framework/src/Illuminate/Support/Facades/Facade.php(239): Illuminate\\Routing\\Router->group(Array, Object(Closure))
#12 /home/desancheztorres/public_html/snippets/server/routes/api.php(5): Illuminate\\Support\\Facades\\Facade::__callStatic('group', Array)
#13 /home/desancheztorres/public_html/snippets/server/vendor/laravel/framework/src/Illuminate/Routing/RouteFileRegistrar.php(35): require('/home/desanchez...')
#14 /home/desancheztorres/public_html/snippets/server/vendor/laravel/framework/src/Illuminate/Routing/Router.php(415): Illuminate\\Routing\\RouteFileRegistrar->register('/home/desanchez...')
#15 /home/desancheztorres/public_html/snippets/server/vendor/laravel/framework/src/Illuminate/Routing/Router.php(373): Illuminate\\Routing\\Router->loadRoutes('/home/desanchez...')
#16 /home/desancheztorres/public_html/snippets/server/vendor/laravel/framework/src/Illuminate/Routing/RouteRegistrar.php(121): Illuminate\\Routing\\Router->group(Array, '/home/desanchez...')
#17 /home/desancheztorres/public_html/snippets/server/app/Providers/RouteServiceProvider.php(71): Illuminate\\Routing\\RouteRegistrar->group('/home/desanchez...')
#18 /home/desancheztorres/public_html/snippets/server/app/Providers/RouteServiceProvider.php(38): App\\Providers\\RouteServiceProvider->mapApiRoutes()
#19 [internal function]: App\\Providers\\RouteServiceProvider->map()
#20 /home/desancheztorres/public_html/snippets/server/vendor/laravel/framework/src/Illuminate/Container/BoundMethod.php(32): call_user_func_array(Array, Array)
#21 /home/desancheztorres/public_html/snippets/server/vendor/laravel/framework/src/Illuminate/Container/Util.php(34): Illuminate\\Container\\BoundMethod::Illuminate\\Container\\{closure}()
#22 /home/desancheztorres/public_html/snippets/server/vendor/laravel/framework/src/Illuminate/Container/BoundMethod.php(90): Illuminate\\Container\\Util::unwrapIfClosure(Object(Closure))
#23 /home/desancheztorres/public_html/snippets/server/vendor/laravel/framework/src/Illuminate/Container/BoundMethod.php(34): Illuminate\\Container\\BoundMethod::callBoundMethod(Object(Illuminate\\Foundation\\Application), Array, Object(Closure))
#24 /home/desancheztorres/public_html/snippets/server/vendor/laravel/framework/src/Illuminate/Container/Container.php(590): Illuminate\\Container\\BoundMethod::call(Object(Illuminate\\Foundation\\Application), Array, Array, NULL)
#25 /home/desancheztorres/public_html/snippets/server/vendor/laravel/framework/src/Illuminate/Foundation/Support/Providers/RouteServiceProvider.php(87): Illuminate\\Container\\Container->call(Array)
#26 /home/desancheztorres/public_html/snippets/server/vendor/laravel/framework/src/Illuminate/Foundation/Support/Providers/RouteServiceProvider.php(36): Illuminate\\Foundation\\Support\\Providers\\RouteServiceProvider->loadRoutes()
#27 /home/desancheztorres/public_html/snippets/server/app/Providers/RouteServiceProvider.php(28): Illuminate\\Foundation\\Support\\Providers\\RouteServiceProvider->boot()
#28 [internal function]: App\\Providers\\RouteServiceProvider->boot()
#29 /home/desancheztorres/public_html/snippets/server/vendor/laravel/framework/src/Illuminate/Container/BoundMethod.php(32): call_user_func_array(Array, Array)
#30 /home/desancheztorres/public_html/snippets/server/vendor/laravel/framework/src/Illuminate/Container/Util.php(34): Illuminate\\Container\\BoundMethod::Illuminate\\Container\\{closure}()
#31 /home/desancheztorres/public_html/snippets/server/vendor/laravel/framework/src/Illuminate/Container/BoundMethod.php(90): Illuminate\\Container\\Util::unwrapIfClosure(Object(Closure))
#32 /home/desancheztorres/public_html/snippets/server/vendor/laravel/framework/src/Illuminate/Container/BoundMethod.php(34): Illuminate\\Container\\BoundMethod::callBoundMethod(Object(Illuminate\\Foundation\\Application), Array, Object(Closure))
#33 /home/desancheztorres/public_html/snippets/server/vendor/laravel/framework/src/Illuminate/Container/Container.php(590): Illuminate\\Container\\BoundMethod::call(Object(Illuminate\\Foundation\\Application), Array, Array, NULL)
#34 /home/desancheztorres/public_html/snippets/server/vendor/laravel/framework/src/Illuminate/Foundation/Application.php(828): Illuminate\\Container\\Container->call(Array)
#35 /home/desancheztorres/public_html/snippets/server/vendor/laravel/framework/src/Illuminate/Foundation/Application.php(811): Illuminate\\Foundation\\Application->bootProvider(Object(App\\Providers\\RouteServiceProvider))
#36 [internal function]: Illuminate\\Foundation\\Application->Illuminate\\Foundation\\{closure}(Object(App\\Providers\\RouteServiceProvider), 24)
#37 /home/desancheztorres/public_html/snippets/server/vendor/laravel/framework/src/Illuminate/Foundation/Application.php(812): array_walk(Array, Object(Closure))
#38 /home/desancheztorres/public_html/snippets/server/vendor/laravel/framework/src/Illuminate/Foundation/Bootstrap/BootProviders.php(17): Illuminate\\Foundation\\Application->boot()
#39 /home/desancheztorres/public_html/snippets/server/vendor/laravel/framework/src/Illuminate/Foundation/Application.php(211): Illuminate\\Foundation\\Bootstrap\\BootProviders->bootstrap(Object(Illuminate\\Foundation\\Application))
#40 /home/desancheztorres/public_html/snippets/server/vendor/laravel/framework/src/Illuminate/Foundation/Http/Kernel.php(162): Illuminate\\Foundation\\Application->bootstrapWith(Array)
#41 /home/desancheztorres/public_html/snippets/server/vendor/laravel/framework/src/Illuminate/Foundation/Http/Kernel.php(146): Illuminate\\Foundation\\Http\\Kernel->bootstrap()
#42 /home/desancheztorres/public_html/snippets/server/vendor/laravel/framework/src/Illuminate/Foundation/Http/Kernel.php(116): Illuminate\\Foundation\\Http\\Kernel->sendRequestThroughRouter(Object(Illuminate\\Http\\Request))
#43 /home/desancheztorres/public_html/snippets/server/public/index.php(55): Illuminate\\Foundation\\Http\\Kernel->handle(Object(Illuminate\\Http\\Request))
#44 {main}
"} 
[2019-11-18 21:33:57] local.ERROR: Invalid route action: [App\Http\Controllers\auth\SignInController]. {"exception":"[object] (UnexpectedValueException(code: 0): Invalid route action: [App\\Http\\Controllers\\auth\\SignInController]. at /home/desancheztorres/public_html/snippets/server/vendor/laravel/framework/src/Illuminate/Routing/RouteAction.php:89)
[stacktrace]
#0 /home/desancheztorres/public_html/snippets/server/vendor/laravel/framework/src/Illuminate/Routing/RouteAction.php(46): Illuminate\\Routing\\RouteAction::makeInvokable('App\\\\Http\\\\Contro...')
#1 /home/desancheztorres/public_html/snippets/server/vendor/laravel/framework/src/Illuminate/Routing/Route.php(162): Illuminate\\Routing\\RouteAction::parse('api/Auth/signin', Array)
#2 /home/desancheztorres/public_html/snippets/server/vendor/laravel/framework/src/Illuminate/Routing/Route.php(141): Illuminate\\Routing\\Route->parseAction(Array)
#3 /home/desancheztorres/public_html/snippets/server/vendor/laravel/framework/src/Illuminate/Routing/Router.php(547): Illuminate\\Routing\\Route->__construct('POST', 'api/Auth/signin', Array)
#4 /home/desancheztorres/public_html/snippets/server/vendor/laravel/framework/src/Illuminate/Routing/Router.php(466): Illuminate\\Routing\\Router->newRoute('POST', 'api/Auth/signin', Array)
#5 /home/desancheztorres/public_html/snippets/server/vendor/laravel/framework/src/Illuminate/Routing/Router.php(445): Illuminate\\Routing\\Router->createRoute('POST', 'signin', Array)
#6 /home/desancheztorres/public_html/snippets/server/vendor/laravel/framework/src/Illuminate/Routing/Router.php(156): Illuminate\\Routing\\Router->addRoute('POST', 'signin', 'SignInControlle...')
#7 /home/desancheztorres/public_html/snippets/server/vendor/laravel/framework/src/Illuminate/Support/Facades/Facade.php(239): Illuminate\\Routing\\Router->post('signin', 'SignInControlle...')
#8 /home/desancheztorres/public_html/snippets/server/routes/api.php(4): Illuminate\\Support\\Facades\\Facade::__callStatic('post', Array)
#9 /home/desancheztorres/public_html/snippets/server/vendor/laravel/framework/src/Illuminate/Routing/Router.php(413): Illuminate\\Routing\\RouteFileRegistrar->{closure}(Object(Illuminate\\Routing\\Router))
#10 /home/desancheztorres/public_html/snippets/server/vendor/laravel/framework/src/Illuminate/Routing/Router.php(373): Illuminate\\Routing\\Router->loadRoutes(Object(Closure))
#11 /home/desancheztorres/public_html/snippets/server/vendor/laravel/framework/src/Illuminate/Support/Facades/Facade.php(239): Illuminate\\Routing\\Router->group(Array, Object(Closure))
#12 /home/desancheztorres/public_html/snippets/server/routes/api.php(5): Illuminate\\Support\\Facades\\Facade::__callStatic('group', Array)
#13 /home/desancheztorres/public_html/snippets/server/vendor/laravel/framework/src/Illuminate/Routing/RouteFileRegistrar.php(35): require('/home/desanchez...')
#14 /home/desancheztorres/public_html/snippets/server/vendor/laravel/framework/src/Illuminate/Routing/Router.php(415): Illuminate\\Routing\\RouteFileRegistrar->register('/home/desanchez...')
#15 /home/desancheztorres/public_html/snippets/server/vendor/laravel/framework/src/Illuminate/Routing/Router.php(373): Illuminate\\Routing\\Router->loadRoutes('/home/desanchez...')
#16 /home/desancheztorres/public_html/snippets/server/vendor/laravel/framework/src/Illuminate/Routing/RouteRegistrar.php(121): Illuminate\\Routing\\Router->group(Array, '/home/desanchez...')
#17 /home/desancheztorres/public_html/snippets/server/app/Providers/RouteServiceProvider.php(71): Illuminate\\Routing\\RouteRegistrar->group('/home/desanchez...')
#18 /home/desancheztorres/public_html/snippets/server/app/Providers/RouteServiceProvider.php(38): App\\Providers\\RouteServiceProvider->mapApiRoutes()
#19 [internal function]: App\\Providers\\RouteServiceProvider->map()
#20 /home/desancheztorres/public_html/snippets/server/vendor/laravel/framework/src/Illuminate/Container/BoundMethod.php(32): call_user_func_array(Array, Array)
#21 /home/desancheztorres/public_html/snippets/server/vendor/laravel/framework/src/Illuminate/Container/Util.php(34): Illuminate\\Container\\BoundMethod::Illuminate\\Container\\{closure}()
#22 /home/desancheztorres/public_html/snippets/server/vendor/laravel/framework/src/Illuminate/Container/BoundMethod.php(90): Illuminate\\Container\\Util::unwrapIfClosure(Object(Closure))
#23 /home/desancheztorres/public_html/snippets/server/vendor/laravel/framework/src/Illuminate/Container/BoundMethod.php(34): Illuminate\\Container\\BoundMethod::callBoundMethod(Object(Illuminate\\Foundation\\Application), Array, Object(Closure))
#24 /home/desancheztorres/public_html/snippets/server/vendor/laravel/framework/src/Illuminate/Container/Container.php(590): Illuminate\\Container\\BoundMethod::call(Object(Illuminate\\Foundation\\Application), Array, Array, NULL)
#25 /home/desancheztorres/public_html/snippets/server/vendor/laravel/framework/src/Illuminate/Foundation/Support/Providers/RouteServiceProvider.php(87): Illuminate\\Container\\Container->call(Array)
#26 /home/desancheztorres/public_html/snippets/server/vendor/laravel/framework/src/Illuminate/Foundation/Support/Providers/RouteServiceProvider.php(36): Illuminate\\Foundation\\Support\\Providers\\RouteServiceProvider->loadRoutes()
#27 /home/desancheztorres/public_html/snippets/server/app/Providers/RouteServiceProvider.php(28): Illuminate\\Foundation\\Support\\Providers\\RouteServiceProvider->boot()
#28 [internal function]: App\\Providers\\RouteServiceProvider->boot()
#29 /home/desancheztorres/public_html/snippets/server/vendor/laravel/framework/src/Illuminate/Container/BoundMethod.php(32): call_user_func_array(Array, Array)
#30 /home/desancheztorres/public_html/snippets/server/vendor/laravel/framework/src/Illuminate/Container/Util.php(34): Illuminate\\Container\\BoundMethod::Illuminate\\Container\\{closure}()
#31 /home/desancheztorres/public_html/snippets/server/vendor/laravel/framework/src/Illuminate/Container/BoundMethod.php(90): Illuminate\\Container\\Util::unwrapIfClosure(Object(Closure))
#32 /home/desancheztorres/public_html/snippets/server/vendor/laravel/framework/src/Illuminate/Container/BoundMethod.php(34): Illuminate\\Container\\BoundMethod::callBoundMethod(Object(Illuminate\\Foundation\\Application), Array, Object(Closure))
#33 /home/desancheztorres/public_html/snippets/server/vendor/laravel/framework/src/Illuminate/Container/Container.php(590): Illuminate\\Container\\BoundMethod::call(Object(Illuminate\\Foundation\\Application), Array, Array, NULL)
#34 /home/desancheztorres/public_html/snippets/server/vendor/laravel/framework/src/Illuminate/Foundation/Application.php(828): Illuminate\\Container\\Container->call(Array)
#35 /home/desancheztorres/public_html/snippets/server/vendor/laravel/framework/src/Illuminate/Foundation/Application.php(811): Illuminate\\Foundation\\Application->bootProvider(Object(App\\Providers\\RouteServiceProvider))
#36 [internal function]: Illuminate\\Foundation\\Application->Illuminate\\Foundation\\{closure}(Object(App\\Providers\\RouteServiceProvider), 24)
#37 /home/desancheztorres/public_html/snippets/server/vendor/laravel/framework/src/Illuminate/Foundation/Application.php(812): array_walk(Array, Object(Closure))
#38 /home/desancheztorres/public_html/snippets/server/vendor/laravel/framework/src/Illuminate/Foundation/Bootstrap/BootProviders.php(17): Illuminate\\Foundation\\Application->boot()
#39 /home/desancheztorres/public_html/snippets/server/vendor/laravel/framework/src/Illuminate/Foundation/Application.php(211): Illuminate\\Foundation\\Bootstrap\\BootProviders->bootstrap(Object(Illuminate\\Foundation\\Application))
#40 /home/desancheztorres/public_html/snippets/server/vendor/laravel/framework/src/Illuminate/Foundation/Http/Kernel.php(162): Illuminate\\Foundation\\Application->bootstrapWith(Array)
#41 /home/desancheztorres/public_html/snippets/server/vendor/laravel/framework/src/Illuminate/Foundation/Http/Kernel.php(146): Illuminate\\Foundation\\Http\\Kernel->bootstrap()
#42 /home/desancheztorres/public_html/snippets/server/vendor/laravel/framework/src/Illuminate/Foundation/Http/Kernel.php(116): Illuminate\\Foundation\\Http\\Kernel->sendRequestThroughRouter(Object(Illuminate\\Http\\Request))
#43 /home/desancheztorres/public_html/snippets/server/public/index.php(55): Illuminate\\Foundation\\Http\\Kernel->handle(Object(Illuminate\\Http\\Request))
#44 {main}
"} 
[2019-11-18 21:33:58] local.ERROR: Invalid route action: [App\Http\Controllers\auth\SignInController]. {"exception":"[object] (UnexpectedValueException(code: 0): Invalid route action: [App\\Http\\Controllers\\auth\\SignInController]. at /home/desancheztorres/public_html/snippets/server/vendor/laravel/framework/src/Illuminate/Routing/RouteAction.php:89)
[stacktrace]
#0 /home/desancheztorres/public_html/snippets/server/vendor/laravel/framework/src/Illuminate/Routing/RouteAction.php(46): Illuminate\\Routing\\RouteAction::makeInvokable('App\\\\Http\\\\Contro...')
#1 /home/desancheztorres/public_html/snippets/server/vendor/laravel/framework/src/Illuminate/Routing/Route.php(162): Illuminate\\Routing\\RouteAction::parse('api/Auth/signin', Array)
#2 /home/desancheztorres/public_html/snippets/server/vendor/laravel/framework/src/Illuminate/Routing/Route.php(141): Illuminate\\Routing\\Route->parseAction(Array)
#3 /home/desancheztorres/public_html/snippets/server/vendor/laravel/framework/src/Illuminate/Routing/Router.php(547): Illuminate\\Routing\\Route->__construct('POST', 'api/Auth/signin', Array)
#4 /home/desancheztorres/public_html/snippets/server/vendor/laravel/framework/src/Illuminate/Routing/Router.php(466): Illuminate\\Routing\\Router->newRoute('POST', 'api/Auth/signin', Array)
#5 /home/desancheztorres/public_html/snippets/server/vendor/laravel/framework/src/Illuminate/Routing/Router.php(445): Illuminate\\Routing\\Router->createRoute('POST', 'signin', Array)
#6 /home/desancheztorres/public_html/snippets/server/vendor/laravel/framework/src/Illuminate/Routing/Router.php(156): Illuminate\\Routing\\Router->addRoute('POST', 'signin', 'SignInControlle...')
#7 /home/desancheztorres/public_html/snippets/server/vendor/laravel/framework/src/Illuminate/Support/Facades/Facade.php(239): Illuminate\\Routing\\Router->post('signin', 'SignInControlle...')
#8 /home/desancheztorres/public_html/snippets/server/routes/api.php(4): Illuminate\\Support\\Facades\\Facade::__callStatic('post', Array)
#9 /home/desancheztorres/public_html/snippets/server/vendor/laravel/framework/src/Illuminate/Routing/Router.php(413): Illuminate\\Routing\\RouteFileRegistrar->{closure}(Object(Illuminate\\Routing\\Router))
#10 /home/desancheztorres/public_html/snippets/server/vendor/laravel/framework/src/Illuminate/Routing/Router.php(373): Illuminate\\Routing\\Router->loadRoutes(Object(Closure))
#11 /home/desancheztorres/public_html/snippets/server/vendor/laravel/framework/src/Illuminate/Support/Facades/Facade.php(239): Illuminate\\Routing\\Router->group(Array, Object(Closure))
#12 /home/desancheztorres/public_html/snippets/server/routes/api.php(5): Illuminate\\Support\\Facades\\Facade::__callStatic('group', Array)
#13 /home/desancheztorres/public_html/snippets/server/vendor/laravel/framework/src/Illuminate/Routing/RouteFileRegistrar.php(35): require('/home/desanchez...')
#14 /home/desancheztorres/public_html/snippets/server/vendor/laravel/framework/src/Illuminate/Routing/Router.php(415): Illuminate\\Routing\\RouteFileRegistrar->register('/home/desanchez...')
#15 /home/desancheztorres/public_html/snippets/server/vendor/laravel/framework/src/Illuminate/Routing/Router.php(373): Illuminate\\Routing\\Router->loadRoutes('/home/desanchez...')
#16 /home/desancheztorres/public_html/snippets/server/vendor/laravel/framework/src/Illuminate/Routing/RouteRegistrar.php(121): Illuminate\\Routing\\Router->group(Array, '/home/desanchez...')
#17 /home/desancheztorres/public_html/snippets/server/app/Providers/RouteServiceProvider.php(71): Illuminate\\Routing\\RouteRegistrar->group('/home/desanchez...')
#18 /home/desancheztorres/public_html/snippets/server/app/Providers/RouteServiceProvider.php(38): App\\Providers\\RouteServiceProvider->mapApiRoutes()
#19 [internal function]: App\\Providers\\RouteServiceProvider->map()
#20 /home/desancheztorres/public_html/snippets/server/vendor/laravel/framework/src/Illuminate/Container/BoundMethod.php(32): call_user_func_array(Array, Array)
#21 /home/desancheztorres/public_html/snippets/server/vendor/laravel/framework/src/Illuminate/Container/Util.php(34): Illuminate\\Container\\BoundMethod::Illuminate\\Container\\{closure}()
#22 /home/desancheztorres/public_html/snippets/server/vendor/laravel/framework/src/Illuminate/Container/BoundMethod.php(90): Illuminate\\Container\\Util::unwrapIfClosure(Object(Closure))
#23 /home/desancheztorres/public_html/snippets/server/vendor/laravel/framework/src/Illuminate/Container/BoundMethod.php(34): Illuminate\\Container\\BoundMethod::callBoundMethod(Object(Illuminate\\Foundation\\Application), Array, Object(Closure))
#24 /home/desancheztorres/public_html/snippets/server/vendor/laravel/framework/src/Illuminate/Container/Container.php(590): Illuminate\\Container\\BoundMethod::call(Object(Illuminate\\Foundation\\Application), Array, Array, NULL)
#25 /home/desancheztorres/public_html/snippets/server/vendor/laravel/framework/src/Illuminate/Foundation/Support/Providers/RouteServiceProvider.php(87): Illuminate\\Container\\Container->call(Array)
#26 /home/desancheztorres/public_html/snippets/server/vendor/laravel/framework/src/Illuminate/Foundation/Support/Providers/RouteServiceProvider.php(36): Illuminate\\Foundation\\Support\\Providers\\RouteServiceProvider->loadRoutes()
#27 /home/desancheztorres/public_html/snippets/server/app/Providers/RouteServiceProvider.php(28): Illuminate\\Foundation\\Support\\Providers\\RouteServiceProvider->boot()
#28 [internal function]: App\\Providers\\RouteServiceProvider->boot()
#29 /home/desancheztorres/public_html/snippets/server/vendor/laravel/framework/src/Illuminate/Container/BoundMethod.php(32): call_user_func_array(Array, Array)
#30 /home/desancheztorres/public_html/snippets/server/vendor/laravel/framework/src/Illuminate/Container/Util.php(34): Illuminate\\Container\\BoundMethod::Illuminate\\Container\\{closure}()
#31 /home/desancheztorres/public_html/snippets/server/vendor/laravel/framework/src/Illuminate/Container/BoundMethod.php(90): Illuminate\\Container\\Util::unwrapIfClosure(Object(Closure))
#32 /home/desancheztorres/public_html/snippets/server/vendor/laravel/framework/src/Illuminate/Container/BoundMethod.php(34): Illuminate\\Container\\BoundMethod::callBoundMethod(Object(Illuminate\\Foundation\\Application), Array, Object(Closure))
#33 /home/desancheztorres/public_html/snippets/server/vendor/laravel/framework/src/Illuminate/Container/Container.php(590): Illuminate\\Container\\BoundMethod::call(Object(Illuminate\\Foundation\\Application), Array, Array, NULL)
#34 /home/desancheztorres/public_html/snippets/server/vendor/laravel/framework/src/Illuminate/Foundation/Application.php(828): Illuminate\\Container\\Container->call(Array)
#35 /home/desancheztorres/public_html/snippets/server/vendor/laravel/framework/src/Illuminate/Foundation/Application.php(811): Illuminate\\Foundation\\Application->bootProvider(Object(App\\Providers\\RouteServiceProvider))
#36 [internal function]: Illuminate\\Foundation\\Application->Illuminate\\Foundation\\{closure}(Object(App\\Providers\\RouteServiceProvider), 24)
#37 /home/desancheztorres/public_html/snippets/server/vendor/laravel/framework/src/Illuminate/Foundation/Application.php(812): array_walk(Array, Object(Closure))
#38 /home/desancheztorres/public_html/snippets/server/vendor/laravel/framework/src/Illuminate/Foundation/Bootstrap/BootProviders.php(17): Illuminate\\Foundation\\Application->boot()
#39 /home/desancheztorres/public_html/snippets/server/vendor/laravel/framework/src/Illuminate/Foundation/Application.php(211): Illuminate\\Foundation\\Bootstrap\\BootProviders->bootstrap(Object(Illuminate\\Foundation\\Application))
#40 /home/desancheztorres/public_html/snippets/server/vendor/laravel/framework/src/Illuminate/Foundation/Http/Kernel.php(162): Illuminate\\Foundation\\Application->bootstrapWith(Array)
#41 /home/desancheztorres/public_html/snippets/server/vendor/laravel/framework/src/Illuminate/Foundation/Http/Kernel.php(146): Illuminate\\Foundation\\Http\\Kernel->bootstrap()
#42 /home/desancheztorres/public_html/snippets/server/vendor/laravel/framework/src/Illuminate/Foundation/Http/Kernel.php(116): Illuminate\\Foundation\\Http\\Kernel->sendRequestThroughRouter(Object(Illuminate\\Http\\Request))
#43 /home/desancheztorres/public_html/snippets/server/public/index.php(55): Illuminate\\Foundation\\Http\\Kernel->handle(Object(Illuminate\\Http\\Request))
#44 {main}
"} 
